# JRE version: OpenJDK Runtime Environment (17.0.9) (build 17.0.9+0--11185874)
# Java VM: OpenJDK 64-Bit Server VM (17.0.9+0--11185874, mixed mode, tiered, compressed oops, compressed class ptrs, g1 gc, windows-amd64)
GC Precious Log:
 CPUs: 4 total, 4 available
 Memory: 16259M
 Large Page Support: Disabled
 NUMA Support: Disabled
 Compressed Oops: Enabled (32-bit)
 Heap Region Size: 1M
 Heap Min Capacity: 8M
 Heap Initial Capacity: 256M
 Heap Max Capacity: 2G
 Pre-touch: Disabled
 Parallel Workers: 4
 Concurrent Workers: 1
 Concurrent Refinement Workers: 4
 Periodic GC: Disabled
Heap:
 garbage-first heap   total 321536K, used 210184K [0x0000000080000000, 0x0000000100000000)
  region size 1024K, 59 young (60416K), 10 survivors (10240K)
 Metaspace       used 151839K, committed 153024K, reserved 1245184K
  class space    used 20359K, committed 20928K, reserved 1048576K
GC Heap History (20 events):
Event: 846.549 GC heap before
{Heap before GC invocations=83 (full 0):
 garbage-first heap   total 280576K, used 224963K [0x0000000080000000, 0x0000000100000000)
  region size 1024K, 68 young (69632K), 2 survivors (2048K)
 Metaspace       used 149978K, committed 151104K, reserved 1179648K
  class space    used 20261K, committed 20800K, reserved 1048576K
}
Event: 846.562 GC heap after
{Heap after GC invocations=84 (full 0):
 garbage-first heap   total 280576K, used 160988K [0x0000000080000000, 0x0000000100000000)
  region size 1024K, 6 young (6144K), 6 survivors (6144K)
 Metaspace       used 149978K, committed 151104K, reserved 1179648K
  class space    used 20261K, committed 20800K, reserved 1048576K
}
Event: 849.274 GC heap before
{Heap before GC invocations=85 (full 0):
 garbage-first heap   total 285696K, used 226524K [0x0000000080000000, 0x0000000100000000)
  region size 1024K, 71 young (72704K), 6 survivors (6144K)
 Metaspace       used 150526K, committed 151616K, reserved 1245184K
  class space    used 20275K, committed 20800K, reserved 1048576K
}
Event: 849.292 GC heap after
{Heap after GC invocations=86 (full 0):
 garbage-first heap   total 285696K, used 164178K [0x0000000080000000, 0x0000000100000000)
  region size 1024K, 9 young (9216K), 9 survivors (9216K)
 Metaspace       used 150526K, committed 151616K, reserved 1245184K
  class space    used 20275K, committed 20800K, reserved 1048576K
}
Event: 849.362 GC heap before
{Heap before GC invocations=86 (full 0):
 garbage-first heap   total 285696K, used 171346K [0x0000000080000000, 0x0000000100000000)
  region size 1024K, 13 young (13312K), 9 survivors (9216K)
 Metaspace       used 150533K, committed 151616K, reserved 1245184K
  class space    used 20275K, committed 20800K, reserved 1048576K
}
Event: 849.386 GC heap after
{Heap after GC invocations=87 (full 0):
 garbage-first heap   total 285696K, used 160885K [0x0000000080000000, 0x0000000100000000)
  region size 1024K, 1 young (1024K), 1 survivors (1024K)
 Metaspace       used 150533K, committed 151616K, reserved 1245184K
  class space    used 20275K, committed 20800K, reserved 1048576K
}
Event: 849.670 GC heap before
{Heap before GC invocations=87 (full 0):
 garbage-first heap   total 285696K, used 166005K [0x0000000080000000, 0x0000000100000000)
  region size 1024K, 7 young (7168K), 1 survivors (1024K)
 Metaspace       used 150593K, committed 151680K, reserved 1245184K
  class space    used 20282K, committed 20800K, reserved 1048576K
}
Event: 849.675 GC heap after
{Heap after GC invocations=88 (full 0):
 garbage-first heap   total 285696K, used 158712K [0x0000000080000000, 0x0000000100000000)
  region size 1024K, 1 young (1024K), 1 survivors (1024K)
 Metaspace       used 150593K, committed 151680K, reserved 1245184K
  class space    used 20282K, committed 20800K, reserved 1048576K
}
Event: 1307.813 GC heap before
{Heap before GC invocations=89 (full 0):
 garbage-first heap   total 321536K, used 261112K [0x0000000080000000, 0x0000000100000000)
  region size 1024K, 75 young (76800K), 1 survivors (1024K)
 Metaspace       used 150928K, committed 152064K, reserved 1245184K
  class space    used 20303K, committed 20864K, reserved 1048576K
}
Event: 1307.827 GC heap after
{Heap after GC invocations=90 (full 0):
 garbage-first heap   total 321536K, used 162145K [0x0000000080000000, 0x0000000100000000)
  region size 1024K, 7 young (7168K), 7 survivors (7168K)
 Metaspace       used 150928K, committed 152064K, reserved 1245184K
  class space    used 20303K, committed 20864K, reserved 1048576K
}
Event: 1308.033 GC heap before
{Heap before GC invocations=90 (full 0):
 garbage-first heap   total 321536K, used 170337K [0x0000000080000000, 0x0000000100000000)
  region size 1024K, 15 young (15360K), 7 survivors (7168K)
 Metaspace       used 150960K, committed 152064K, reserved 1245184K
  class space    used 20305K, committed 20864K, reserved 1048576K
}
Event: 1308.051 GC heap after
{Heap after GC invocations=91 (full 0):
 garbage-first heap   total 321536K, used 155967K [0x0000000080000000, 0x0000000100000000)
  region size 1024K, 2 young (2048K), 2 survivors (2048K)
 Metaspace       used 150960K, committed 152064K, reserved 1245184K
  class space    used 20305K, committed 20864K, reserved 1048576K
}
Event: 1318.834 GC heap before
{Heap before GC invocations=91 (full 0):
 garbage-first heap   total 321536K, used 222527K [0x0000000080000000, 0x0000000100000000)
  region size 1024K, 69 young (70656K), 2 survivors (2048K)
 Metaspace       used 151191K, committed 152320K, reserved 1245184K
  class space    used 20328K, committed 20864K, reserved 1048576K
}
Event: 1318.847 GC heap after
{Heap after GC invocations=92 (full 0):
 garbage-first heap   total 321536K, used 160657K [0x0000000080000000, 0x0000000100000000)
  region size 1024K, 7 young (7168K), 7 survivors (7168K)
 Metaspace       used 151191K, committed 152320K, reserved 1245184K
  class space    used 20328K, committed 20864K, reserved 1048576K
}
Event: 1793.023 GC heap before
{Heap before GC invocations=93 (full 0):
 garbage-first heap   total 321536K, used 280465K [0x0000000080000000, 0x0000000100000000)
  region size 1024K, 104 young (106496K), 7 survivors (7168K)
 Metaspace       used 151442K, committed 152640K, reserved 1245184K
  class space    used 20340K, committed 20928K, reserved 1048576K
}
Event: 1793.059 GC heap after
{Heap after GC invocations=94 (full 0):
 garbage-first heap   total 321536K, used 162809K [0x0000000080000000, 0x0000000100000000)
  region size 1024K, 13 young (13312K), 13 survivors (13312K)
 Metaspace       used 151442K, committed 152640K, reserved 1245184K
  class space    used 20340K, committed 20928K, reserved 1048576K
}
Event: 1793.086 GC heap before
{Heap before GC invocations=94 (full 0):
 garbage-first heap   total 321536K, used 164857K [0x0000000080000000, 0x0000000100000000)
  region size 1024K, 15 young (15360K), 13 survivors (13312K)
 Metaspace       used 151450K, committed 152640K, reserved 1245184K
  class space    used 20340K, committed 20928K, reserved 1048576K
}
Event: 1793.116 GC heap after
{Heap after GC invocations=95 (full 0):
 garbage-first heap   total 321536K, used 156189K [0x0000000080000000, 0x0000000100000000)
  region size 1024K, 2 young (2048K), 2 survivors (2048K)
 Metaspace       used 151450K, committed 152640K, reserved 1245184K
  class space    used 20340K, committed 20928K, reserved 1048576K
}
Event: 1817.446 GC heap before
{Heap before GC invocations=95 (full 0):
 garbage-first heap   total 321536K, used 258589K [0x0000000080000000, 0x0000000100000000)
  region size 1024K, 103 young (105472K), 2 survivors (2048K)
 Metaspace       used 151742K, committed 152960K, reserved 1245184K
  class space    used 20358K, committed 20928K, reserved 1048576K
}
Event: 1817.476 GC heap after
{Heap after GC invocations=96 (full 0):
 garbage-first heap   total 321536K, used 164104K [0x0000000080000000, 0x0000000100000000)
  region size 1024K, 10 young (10240K), 10 survivors (10240K)
 Metaspace       used 151742K, committed 152960K, reserved 1245184K
  class space    used 20358K, committed 20928K, reserved 1048576K
}

